<?xml version="1.0" encoding="UTF-8"?>
<!-- Generated by org.testng.reporters.JUnitXMLReporter -->
<testsuite ignored="4" hostname="DESKTOP-JAOA3QD" failures="0" tests="10" name="Surefire test" time="107.077" errors="0" timestamp="13 Jul. 2023 17:02:03 GMT">
  <testcase classname="com.naveenAutomationLab.naveenAutomationLabFrameWork.Test.LoginPageTest" name="validateIfCustomerIsAbleToLoginWithValidCredentilas" time="7.944"/>
  <testcase classname="com.naveenAutomationLab.naveenAutomationLabFrameWork.Test.LoginPageTest" name="validateIfCustomerIsAbleToLoginWithValidCredentilas" time="6.757"/>
  <testcase classname="com.naveenAutomationLab.naveenAutomationLabFrameWork.Test.LoginPageTest" name="validateIfCustomerIsAbleToLoginWithValidCredentilas" time="6.581"/>
  <testcase classname="com.naveenAutomationLab.naveenAutomationLabFrameWork.Test.LoginPageTest" name="validateIfCustomerIsAbleToLoginWithValidCredentilas" time="6.745"/>
  <testcase classname="com.naveenAutomationLab.naveenAutomationLabFrameWork.Test.LoginPageTest" name="validateIfCustomerIsAbleToLoginWithValidCredentilas" time="6.599"/>
  <testcase classname="com.naveenAutomationLab.naveenAutomationLabFrameWork.Test.MyWishListTest" name="validateWishListTable" time="14.197"/>
  <testcase classname="com.naveenAutomationLab.naveenAutomationLabFrameWork.Test.YourOrderHasBeenPlacedTest" name="verifyCustomerCanSelectItemAndAddToCart" time="1.738"/>
  <testcase classname="com.naveenAutomationLab.naveenAutomationLabFrameWork.Test.YourStoreTest" name="validateCartIsUpdatedWhenNewItemAdded" time="3.053"/>
  <testcase classname="com.naveenAutomationLab.naveenAutomationLabFrameWork.Test.YourStoreTest" name="validateCorrespondingSearchItemIsDisplayed" time="0.892"/>
  <testcase classname="com.naveenAutomationLab.naveenAutomationLabFrameWork.Test.YourStoreTest" name="validateIfWishListUpdatedWhenItemAdded" time="3.029"/>
  <testcase classname="com.naveenAutomationLab.naveenAutomationLabFrameWork.Test.YourStoreTest" name="varifyIfMacbookImageDisplayedWhenClickOnSlideBulletbtn" time="0.0">
    <ignored/>
  </testcase> <!-- varifyIfMacbookImageDisplayedWhenClickOnSlideBulletbtn -->
  <testcase classname="com.naveenAutomationLab.naveenAutomationLabFrameWork.Test.YourStoreTest" name="verifyIfAllLinksPresentUnderInformation" time="0.0">
    <ignored/>
  </testcase> <!-- verifyIfAllLinksPresentUnderInformation -->
  <testcase classname="com.naveenAutomationLab.naveenAutomationLabFrameWork.Test.YourOrderHasBeenPlacedTest" name="verifyCustomerCanAddItemToShoppingCartAndCheckOut" time="0.0">
    <ignored/>
  </testcase> <!-- verifyCustomerCanAddItemToShoppingCartAndCheckOut -->
  <testcase classname="com.naveenAutomationLab.naveenAutomationLabFrameWork.Test.YourStoreTest" name="verifyIfiPhoneImageDisplayedWhenClickOnSlideBulletBtn" time="0.0">
    <ignored/>
  </testcase> <!-- verifyIfiPhoneImageDisplayedWhenClickOnSlideBulletBtn -->
</testsuite> <!-- Surefire test -->
