<?xml version="1.0" encoding="UTF-8"?>
<!-- Generated by org.testng.reporters.JUnitXMLReporter -->
<testsuite ignored="4" hostname="DESKTOP-JAOA3QD" failures="0" tests="10" name="Test" time="97.478" errors="0" timestamp="2023-07-13T10:51:30 EDT">
  <testcase classname="com.naveenAutomationLab.naveenAutomationLabFrameWork.Test.YourOrderHasBeenPlacedTest" name="verifyCustomerCanSelectItemAndAddToCart" time="0.98"/>
  <testcase classname="com.naveenAutomationLab.naveenAutomationLabFrameWork.Test.YourStoreTest" name="validateCartIsUpdatedWhenNewItemAdded" time="2.9"/>
  <testcase classname="com.naveenAutomationLab.naveenAutomationLabFrameWork.Test.YourStoreTest" name="validateCorrespondingSearchItemIsDisplayed" time="0.856"/>
  <testcase classname="com.naveenAutomationLab.naveenAutomationLabFrameWork.Test.YourStoreTest" name="validateIfWishListUpdatedWhenItemAdded" time="2.96"/>
  <testcase classname="com.naveenAutomationLab.naveenAutomationLabFrameWork.Test.LoginPageTest" name="validateIfCustomerIsAbleToLoginWithValidCredentilas" time="6.875"/>
  <testcase classname="com.naveenAutomationLab.naveenAutomationLabFrameWork.Test.LoginPageTest" name="validateIfCustomerIsAbleToLoginWithValidCredentilas" time="6.343"/>
  <testcase classname="com.naveenAutomationLab.naveenAutomationLabFrameWork.Test.LoginPageTest" name="validateIfCustomerIsAbleToLoginWithValidCredentilas" time="6.357"/>
  <testcase classname="com.naveenAutomationLab.naveenAutomationLabFrameWork.Test.LoginPageTest" name="validateIfCustomerIsAbleToLoginWithValidCredentilas" time="6.476"/>
  <testcase classname="com.naveenAutomationLab.naveenAutomationLabFrameWork.Test.LoginPageTest" name="validateIfCustomerIsAbleToLoginWithValidCredentilas" time="6.409"/>
  <testcase classname="com.naveenAutomationLab.naveenAutomationLabFrameWork.Test.MyWishListTest" name="validateWishListTable" time="13.3"/>
  <testcase classname="com.naveenAutomationLab.naveenAutomationLabFrameWork.Test.YourStoreTest" name="varifyIfMacbookImageDisplayedWhenClickOnSlideBulletbtn" time="0.0">
    <ignored/>
  </testcase> <!-- varifyIfMacbookImageDisplayedWhenClickOnSlideBulletbtn -->
  <testcase classname="com.naveenAutomationLab.naveenAutomationLabFrameWork.Test.YourStoreTest" name="verifyIfAllLinksPresentUnderInformation" time="0.0">
    <ignored/>
  </testcase> <!-- verifyIfAllLinksPresentUnderInformation -->
  <testcase classname="com.naveenAutomationLab.naveenAutomationLabFrameWork.Test.YourStoreTest" name="verifyIfiPhoneImageDisplayedWhenClickOnSlideBulletBtn" time="0.0">
    <ignored/>
  </testcase> <!-- verifyIfiPhoneImageDisplayedWhenClickOnSlideBulletBtn -->
  <testcase classname="com.naveenAutomationLab.naveenAutomationLabFrameWork.Test.YourOrderHasBeenPlacedTest" name="verifyCustomerCanAddItemToShoppingCartAndCheckOut" time="0.0">
    <ignored/>
  </testcase> <!-- verifyCustomerCanAddItemToShoppingCartAndCheckOut -->
</testsuite> <!-- Test -->
