<?xml version="1.0" encoding="UTF-8"?>
<testng-results ignored="4" total="14" passed="10" failed="0" skipped="0">
  <reporter-output>
  </reporter-output>
  <suite started-at="2023-07-13T10:49:52 EDT" name="Suite" finished-at="2023-07-13T10:51:30 EDT" duration-ms="97478">
    <groups>
    </groups>
    <test started-at="2023-07-13T10:49:52 EDT" name="Test" finished-at="2023-07-13T10:51:30 EDT" duration-ms="97478">
      <class name="com.naveenAutomationLab.naveenAutomationLabFrameWork.Test.MyWishListTest">
        <test-method is-config="true" signature="setupLogger()[pri:0, instance:com.naveenAutomationLab.naveenAutomationLabFrameWork.Test.MyWishListTest@49049a04]" started-at="2023-07-13T10:51:12 EDT" name="setupLogger" finished-at="2023-07-13T10:51:12 EDT" duration-ms="3" status="PASS">
          <reporter-output>
          </reporter-output>
        </test-method> <!-- setupLogger -->
        <test-method is-config="true" signature="setUp()[pri:0, instance:com.naveenAutomationLab.naveenAutomationLabFrameWork.Test.MyWishListTest@49049a04]" started-at="2023-07-13T10:51:12 EDT" name="setUp" finished-at="2023-07-13T10:51:16 EDT" duration-ms="4045" status="PASS">
          <reporter-output>
          </reporter-output>
        </test-method> <!-- setUp -->
        <test-method signature="validateWishListTable()[pri:0, instance:com.naveenAutomationLab.naveenAutomationLabFrameWork.Test.MyWishListTest@49049a04]" started-at="2023-07-13T10:51:16 EDT" name="validateWishListTable" finished-at="2023-07-13T10:51:30 EDT" duration-ms="13300" status="PASS">
          <reporter-output>
          </reporter-output>
        </test-method> <!-- validateWishListTable -->
        <test-method is-config="true" signature="tearDown()[pri:0, instance:com.naveenAutomationLab.naveenAutomationLabFrameWork.Test.MyWishListTest@49049a04]" started-at="2023-07-13T10:51:30 EDT" name="tearDown" finished-at="2023-07-13T10:51:30 EDT" duration-ms="111" status="PASS">
          <reporter-output>
          </reporter-output>
        </test-method> <!-- tearDown -->
      </class> <!-- com.naveenAutomationLab.naveenAutomationLabFrameWork.Test.MyWishListTest -->
      <class name="com.naveenAutomationLab.naveenAutomationLabFrameWork.Test.LoginPageTest">
        <test-method is-config="true" signature="setupLogger()[pri:0, instance:com.naveenAutomationLab.naveenAutomationLabFrameWork.Test.LoginPageTest@6253c26]" started-at="2023-07-13T10:50:17 EDT" name="setupLogger" finished-at="2023-07-13T10:50:17 EDT" duration-ms="2" status="PASS">
          <reporter-output>
          </reporter-output>
        </test-method> <!-- setupLogger -->
        <test-method is-config="true" signature="setup()[pri:0, instance:com.naveenAutomationLab.naveenAutomationLabFrameWork.Test.LoginPageTest@6253c26]" started-at="2023-07-13T10:50:18 EDT" name="setup" finished-at="2023-07-13T10:50:22 EDT" duration-ms="4356" status="PASS">
          <reporter-output>
          </reporter-output>
        </test-method> <!-- setup -->
        <test-method signature="validateIfCustomerIsAbleToLoginWithValidCredentilas(java.lang.String,java.lang.String)[pri:0, instance:com.naveenAutomationLab.naveenAutomationLabFrameWork.Test.LoginPageTest@6253c26]" started-at="2023-07-13T10:50:22 EDT" name="validateIfCustomerIsAbleToLoginWithValidCredentilas" data-provider="validLoginCredentials" finished-at="2023-07-13T10:50:29 EDT" duration-ms="6875" status="PASS">
          <params>
            <param index="0">
              <value>
                <![CDATA[davis@william.com]]>
              </value>
            </param>
            <param index="1">
              <value>
                <![CDATA[davis]]>
              </value>
            </param>
          </params>
          <reporter-output>
          </reporter-output>
        </test-method> <!-- validateIfCustomerIsAbleToLoginWithValidCredentilas -->
        <test-method is-config="true" signature="tearDown()[pri:0, instance:com.naveenAutomationLab.naveenAutomationLabFrameWork.Test.LoginPageTest@6253c26]" started-at="2023-07-13T10:50:29 EDT" name="tearDown" finished-at="2023-07-13T10:50:29 EDT" duration-ms="114" status="PASS">
          <reporter-output>
          </reporter-output>
        </test-method> <!-- tearDown -->
        <test-method is-config="true" signature="setup()[pri:0, instance:com.naveenAutomationLab.naveenAutomationLabFrameWork.Test.LoginPageTest@6253c26]" started-at="2023-07-13T10:50:29 EDT" name="setup" finished-at="2023-07-13T10:50:33 EDT" duration-ms="4158" status="PASS">
          <reporter-output>
          </reporter-output>
        </test-method> <!-- setup -->
        <test-method signature="validateIfCustomerIsAbleToLoginWithValidCredentilas(java.lang.String,java.lang.String)[pri:0, instance:com.naveenAutomationLab.naveenAutomationLabFrameWork.Test.LoginPageTest@6253c26]" started-at="2023-07-13T10:50:33 EDT" name="validateIfCustomerIsAbleToLoginWithValidCredentilas" data-provider="validLoginCredentials" finished-at="2023-07-13T10:50:39 EDT" duration-ms="6343" status="PASS">
          <params>
            <param index="0">
              <value>
                <![CDATA[ryan@gmail.com]]>
              </value>
            </param>
            <param index="1">
              <value>
                <![CDATA[ChangePass1]]>
              </value>
            </param>
          </params>
          <reporter-output>
          </reporter-output>
        </test-method> <!-- validateIfCustomerIsAbleToLoginWithValidCredentilas -->
        <test-method is-config="true" signature="tearDown()[pri:0, instance:com.naveenAutomationLab.naveenAutomationLabFrameWork.Test.LoginPageTest@6253c26]" started-at="2023-07-13T10:50:39 EDT" name="tearDown" finished-at="2023-07-13T10:50:40 EDT" duration-ms="97" status="PASS">
          <reporter-output>
          </reporter-output>
        </test-method> <!-- tearDown -->
        <test-method is-config="true" signature="setup()[pri:0, instance:com.naveenAutomationLab.naveenAutomationLabFrameWork.Test.LoginPageTest@6253c26]" started-at="2023-07-13T10:50:40 EDT" name="setup" finished-at="2023-07-13T10:50:44 EDT" duration-ms="4480" status="PASS">
          <reporter-output>
          </reporter-output>
        </test-method> <!-- setup -->
        <test-method signature="validateIfCustomerIsAbleToLoginWithValidCredentilas(java.lang.String,java.lang.String)[pri:0, instance:com.naveenAutomationLab.naveenAutomationLabFrameWork.Test.LoginPageTest@6253c26]" started-at="2023-07-13T10:50:44 EDT" name="validateIfCustomerIsAbleToLoginWithValidCredentilas" data-provider="validLoginCredentials" finished-at="2023-07-13T10:50:50 EDT" duration-ms="6357" status="PASS">
          <params>
            <param index="0">
              <value>
                <![CDATA[judith@van.com]]>
              </value>
            </param>
            <param index="1">
              <value>
                <![CDATA[judith123]]>
              </value>
            </param>
          </params>
          <reporter-output>
          </reporter-output>
        </test-method> <!-- validateIfCustomerIsAbleToLoginWithValidCredentilas -->
        <test-method is-config="true" signature="tearDown()[pri:0, instance:com.naveenAutomationLab.naveenAutomationLabFrameWork.Test.LoginPageTest@6253c26]" started-at="2023-07-13T10:50:50 EDT" name="tearDown" finished-at="2023-07-13T10:50:51 EDT" duration-ms="109" status="PASS">
          <reporter-output>
          </reporter-output>
        </test-method> <!-- tearDown -->
        <test-method is-config="true" signature="setup()[pri:0, instance:com.naveenAutomationLab.naveenAutomationLabFrameWork.Test.LoginPageTest@6253c26]" started-at="2023-07-13T10:50:51 EDT" name="setup" finished-at="2023-07-13T10:50:55 EDT" duration-ms="4670" status="PASS">
          <reporter-output>
          </reporter-output>
        </test-method> <!-- setup -->
        <test-method signature="validateIfCustomerIsAbleToLoginWithValidCredentilas(java.lang.String,java.lang.String)[pri:0, instance:com.naveenAutomationLab.naveenAutomationLabFrameWork.Test.LoginPageTest@6253c26]" started-at="2023-07-13T10:50:55 EDT" name="validateIfCustomerIsAbleToLoginWithValidCredentilas" data-provider="validLoginCredentials" finished-at="2023-07-13T10:51:02 EDT" duration-ms="6476" status="PASS">
          <params>
            <param index="0">
              <value>
                <![CDATA[jainrajat1234@gmail.com]]>
              </value>
            </param>
            <param index="1">
              <value>
                <![CDATA[RAJATjain]]>
              </value>
            </param>
          </params>
          <reporter-output>
          </reporter-output>
        </test-method> <!-- validateIfCustomerIsAbleToLoginWithValidCredentilas -->
        <test-method is-config="true" signature="tearDown()[pri:0, instance:com.naveenAutomationLab.naveenAutomationLabFrameWork.Test.LoginPageTest@6253c26]" started-at="2023-07-13T10:51:02 EDT" name="tearDown" finished-at="2023-07-13T10:51:02 EDT" duration-ms="97" status="PASS">
          <reporter-output>
          </reporter-output>
        </test-method> <!-- tearDown -->
        <test-method is-config="true" signature="setup()[pri:0, instance:com.naveenAutomationLab.naveenAutomationLabFrameWork.Test.LoginPageTest@6253c26]" started-at="2023-07-13T10:51:02 EDT" name="setup" finished-at="2023-07-13T10:51:06 EDT" duration-ms="4037" status="PASS">
          <reporter-output>
          </reporter-output>
        </test-method> <!-- setup -->
        <test-method signature="validateIfCustomerIsAbleToLoginWithValidCredentilas(java.lang.String,java.lang.String)[pri:0, instance:com.naveenAutomationLab.naveenAutomationLabFrameWork.Test.LoginPageTest@6253c26]" started-at="2023-07-13T10:51:06 EDT" name="validateIfCustomerIsAbleToLoginWithValidCredentilas" data-provider="validLoginCredentials" finished-at="2023-07-13T10:51:12 EDT" duration-ms="6409" status="PASS">
          <params>
            <param index="0">
              <value>
                <![CDATA[joseph@van.com]]>
              </value>
            </param>
            <param index="1">
              <value>
                <![CDATA[joseph123]]>
              </value>
            </param>
          </params>
          <reporter-output>
          </reporter-output>
        </test-method> <!-- validateIfCustomerIsAbleToLoginWithValidCredentilas -->
        <test-method is-config="true" signature="tearDown()[pri:0, instance:com.naveenAutomationLab.naveenAutomationLabFrameWork.Test.LoginPageTest@6253c26]" started-at="2023-07-13T10:51:12 EDT" name="tearDown" finished-at="2023-07-13T10:51:12 EDT" duration-ms="121" status="PASS">
          <reporter-output>
          </reporter-output>
        </test-method> <!-- tearDown -->
      </class> <!-- com.naveenAutomationLab.naveenAutomationLabFrameWork.Test.LoginPageTest -->
      <class name="com.naveenAutomationLab.naveenAutomationLabFrameWork.Test.YourStoreTest">
        <test-method is-config="true" signature="setupLogger()[pri:0, instance:com.naveenAutomationLab.naveenAutomationLabFrameWork.Test.YourStoreTest@67f639d3]" started-at="2023-07-13T10:49:58 EDT" name="setupLogger" finished-at="2023-07-13T10:49:58 EDT" duration-ms="1" status="PASS">
          <reporter-output>
          </reporter-output>
        </test-method> <!-- setupLogger -->
        <test-method is-config="true" signature="setup()[pri:0, instance:com.naveenAutomationLab.naveenAutomationLabFrameWork.Test.YourStoreTest@67f639d3]" started-at="2023-07-13T10:49:58 EDT" name="setup" finished-at="2023-07-13T10:50:02 EDT" duration-ms="4042" status="PASS">
          <reporter-output>
          </reporter-output>
        </test-method> <!-- setup -->
        <test-method signature="validateCartIsUpdatedWhenNewItemAdded()[pri:0, instance:com.naveenAutomationLab.naveenAutomationLabFrameWork.Test.YourStoreTest@67f639d3]" started-at="2023-07-13T10:50:02 EDT" name="validateCartIsUpdatedWhenNewItemAdded" finished-at="2023-07-13T10:50:05 EDT" duration-ms="2900" status="PASS">
          <reporter-output>
          </reporter-output>
        </test-method> <!-- validateCartIsUpdatedWhenNewItemAdded -->
        <test-method is-config="true" signature="tearDown()[pri:0, instance:com.naveenAutomationLab.naveenAutomationLabFrameWork.Test.YourStoreTest@67f639d3]" started-at="2023-07-13T10:50:05 EDT" name="tearDown" finished-at="2023-07-13T10:50:05 EDT" duration-ms="82" status="PASS">
          <reporter-output>
          </reporter-output>
        </test-method> <!-- tearDown -->
        <test-method is-config="true" signature="setup()[pri:0, instance:com.naveenAutomationLab.naveenAutomationLabFrameWork.Test.YourStoreTest@67f639d3]" started-at="2023-07-13T10:50:05 EDT" name="setup" finished-at="2023-07-13T10:50:09 EDT" duration-ms="4190" status="PASS">
          <reporter-output>
          </reporter-output>
        </test-method> <!-- setup -->
        <test-method signature="validateCorrespondingSearchItemIsDisplayed()[pri:0, instance:com.naveenAutomationLab.naveenAutomationLabFrameWork.Test.YourStoreTest@67f639d3]" started-at="2023-07-13T10:50:09 EDT" name="validateCorrespondingSearchItemIsDisplayed" finished-at="2023-07-13T10:50:10 EDT" duration-ms="856" status="PASS">
          <reporter-output>
          </reporter-output>
        </test-method> <!-- validateCorrespondingSearchItemIsDisplayed -->
        <test-method is-config="true" signature="tearDown()[pri:0, instance:com.naveenAutomationLab.naveenAutomationLabFrameWork.Test.YourStoreTest@67f639d3]" started-at="2023-07-13T10:50:10 EDT" name="tearDown" finished-at="2023-07-13T10:50:10 EDT" duration-ms="129" status="PASS">
          <reporter-output>
          </reporter-output>
        </test-method> <!-- tearDown -->
        <test-method is-config="true" signature="setup()[pri:0, instance:com.naveenAutomationLab.naveenAutomationLabFrameWork.Test.YourStoreTest@67f639d3]" started-at="2023-07-13T10:50:10 EDT" name="setup" finished-at="2023-07-13T10:50:14 EDT" duration-ms="3832" status="PASS">
          <reporter-output>
          </reporter-output>
        </test-method> <!-- setup -->
        <test-method signature="validateIfWishListUpdatedWhenItemAdded()[pri:0, instance:com.naveenAutomationLab.naveenAutomationLabFrameWork.Test.YourStoreTest@67f639d3]" started-at="2023-07-13T10:50:14 EDT" name="validateIfWishListUpdatedWhenItemAdded" finished-at="2023-07-13T10:50:17 EDT" duration-ms="2960" status="PASS">
          <reporter-output>
          </reporter-output>
        </test-method> <!-- validateIfWishListUpdatedWhenItemAdded -->
        <test-method is-config="true" signature="tearDown()[pri:0, instance:com.naveenAutomationLab.naveenAutomationLabFrameWork.Test.YourStoreTest@67f639d3]" started-at="2023-07-13T10:50:17 EDT" name="tearDown" finished-at="2023-07-13T10:50:17 EDT" duration-ms="112" status="PASS">
          <reporter-output>
          </reporter-output>
        </test-method> <!-- tearDown -->
      </class> <!-- com.naveenAutomationLab.naveenAutomationLabFrameWork.Test.YourStoreTest -->
      <class name="com.naveenAutomationLab.naveenAutomationLabFrameWork.Test.YourOrderHasBeenPlacedTest">
        <test-method is-config="true" signature="setupLogger()[pri:0, instance:com.naveenAutomationLab.naveenAutomationLabFrameWork.Test.YourOrderHasBeenPlacedTest@550dbc7a]" started-at="2023-07-13T10:49:52 EDT" name="setupLogger" finished-at="2023-07-13T10:49:52 EDT" duration-ms="16" status="PASS">
          <reporter-output>
          </reporter-output>
        </test-method> <!-- setupLogger -->
        <test-method is-config="true" signature="setUp()[pri:0, instance:com.naveenAutomationLab.naveenAutomationLabFrameWork.Test.YourOrderHasBeenPlacedTest@550dbc7a]" started-at="2023-07-13T10:49:52 EDT" name="setUp" finished-at="2023-07-13T10:49:57 EDT" duration-ms="4520" status="PASS">
          <reporter-output>
          </reporter-output>
        </test-method> <!-- setUp -->
        <test-method signature="verifyCustomerCanSelectItemAndAddToCart()[pri:0, instance:com.naveenAutomationLab.naveenAutomationLabFrameWork.Test.YourOrderHasBeenPlacedTest@550dbc7a]" started-at="2023-07-13T10:49:57 EDT" name="verifyCustomerCanSelectItemAndAddToCart" finished-at="2023-07-13T10:49:58 EDT" duration-ms="980" status="PASS">
          <reporter-output>
          </reporter-output>
        </test-method> <!-- verifyCustomerCanSelectItemAndAddToCart -->
        <test-method is-config="true" signature="tearDown()[pri:0, instance:com.naveenAutomationLab.naveenAutomationLabFrameWork.Test.YourOrderHasBeenPlacedTest@550dbc7a]" started-at="2023-07-13T10:49:58 EDT" name="tearDown" finished-at="2023-07-13T10:49:58 EDT" duration-ms="91" status="PASS">
          <reporter-output>
          </reporter-output>
        </test-method> <!-- tearDown -->
      </class> <!-- com.naveenAutomationLab.naveenAutomationLabFrameWork.Test.YourOrderHasBeenPlacedTest -->
    </test> <!-- Test -->
  </suite> <!-- Suite -->
</testng-results>
